  Source.cpp
E:\pr\oop5.2\oop5.2\Source.cpp(54,75): warning C5043: 'Time::Time2': exception specification does not match previous declaration
E:\pr\oop5.2\oop5.2\Source.cpp(42): message : see declaration of 'Time::Time2'
E:\pr\oop5.2\oop5.2\Source.cpp(58,77): warning C4290: C++ exception specification ignored except to indicate a function is not __declspec(nothrow)
E:\pr\oop5.2\oop5.2\Source.cpp(58,79): warning C5043: 'Time::Time3': exception specification does not match previous declaration
E:\pr\oop5.2\oop5.2\Source.cpp(43): message : see declaration of 'Time::Time3'
E:\pr\oop5.2\oop5.2\Source.cpp(62,79): warning C4290: C++ exception specification ignored except to indicate a function is not __declspec(nothrow)
E:\pr\oop5.2\oop5.2\Source.cpp(62,81): warning C5043: 'Time::Time4': exception specification does not match previous declaration
E:\pr\oop5.2\oop5.2\Source.cpp(44): message : see declaration of 'Time::Time4'
E:\pr\oop5.2\oop5.2\Source.cpp(66,78): warning C4290: C++ exception specification ignored except to indicate a function is not __declspec(nothrow)
E:\pr\oop5.2\oop5.2\Source.cpp(66,80): warning C5043: 'Time::Time5': exception specification does not match previous declaration
E:\pr\oop5.2\oop5.2\Source.cpp(45): message : see declaration of 'Time::Time5'
E:\pr\oop5.2\oop5.2\Source.cpp(70,76): warning C4290: C++ exception specification ignored except to indicate a function is not __declspec(nothrow)
E:\pr\oop5.2\oop5.2\Source.cpp(70,78): warning C5043: 'Time::Time6': exception specification does not match previous declaration
E:\pr\oop5.2\oop5.2\Source.cpp(46): message : see declaration of 'Time::Time6'
E:\pr\oop5.2\oop5.2\Source.cpp(101,18): warning C5043: 'terminate': exception specification does not match previous declaration
C:\Program Files (x86)\Windows Kits\10\Include\10.0.18362.0\ucrt\corecrt_terminate.h(29): message : see declaration of 'terminate'
E:\pr\oop5.2\oop5.2\Source.cpp(101,18): warning C4273: 'terminate': inconsistent dll linkage
C:\Program Files (x86)\Windows Kits\10\Include\10.0.18362.0\ucrt\corecrt_terminate.h(29,48): message : see previous definition of 'terminate'
E:\pr\oop5.2\oop5.2\Source.cpp(177,3): warning C4286: 'E': is caught by base class ('std::exception') on line 173
  oop5.2.vcxproj -> E:\pr\oop5.2\Debug\oop5.2.exe
